/root/.virtualenvs/machine_translation_en2zh/bin/python /tmp/pycharm_project_281/train/train.py --n_epoch=100 --lr=5e-4 --enable_data_parallel=true --batch_size=128 --num_workers=2 --ckpt=10 --enable_pin_memory=false
start load training data...
Building prefix dict from the default dictionary ...
Loading model from cache /tmp/jieba.cache
Loading model cost 0.644 seconds.
Prefix dict has been built successfully.
finish load training data...
start training...
No checkpoint found, starting fresh training.
Starting Training From Epoch 0
STAGE:2025-04-07 10:29:46 22264:22264 ActivityProfilerController.cpp:314] Completed Stage: Warm Up
STAGE:2025-04-07 10:29:47 22264:22264 ActivityProfilerController.cpp:320] Completed Stage: Collection
STAGE:2025-04-07 10:29:47 22264:22264 ActivityProfilerController.cpp:324] Completed Stage: Post Processing
STAGE:2025-04-07 10:32:32 22264:22264 ActivityProfilerController.cpp:314] Completed Stage: Warm Up
STAGE:2025-04-07 10:32:33 22264:22264 ActivityProfilerController.cpp:320] Completed Stage: Collection
STAGE:2025-04-07 10:32:33 22264:22264 ActivityProfilerController.cpp:324] Completed Stage: Post Processing
Epoch 0 |             Train Loss: 11.2338 | Token Acc: 0.0490 | Seq Acc: 0.0000 |             Val Loss: 10.9681 | Token Acc: 0.0660 | Seq Acc: 0.0000
STAGE:2025-04-07 10:33:02 22264:22264 ActivityProfilerController.cpp:314] Completed Stage: Warm Up
STAGE:2025-04-07 10:33:03 22264:22264 ActivityProfilerController.cpp:320] Completed Stage: Collection
STAGE:2025-04-07 10:33:03 22264:22264 ActivityProfilerController.cpp:324] Completed Stage: Post Processing
STAGE:2025-04-07 10:35:47 22264:22264 ActivityProfilerController.cpp:314] Completed Stage: Warm Up
STAGE:2025-04-07 10:35:47 22264:22264 ActivityProfilerController.cpp:320] Completed Stage: Collection
STAGE:2025-04-07 10:35:47 22264:22264 ActivityProfilerController.cpp:324] Completed Stage: Post Processing
Epoch 1 |             Train Loss: 10.8902 | Token Acc: 0.0660 | Seq Acc: 0.0000 |             Val Loss: 10.8130 | Token Acc: 0.0661 | Seq Acc: 0.0000
STAGE:2025-04-07 10:36:16 22264:22264 ActivityProfilerController.cpp:314] Completed Stage: Warm Up
STAGE:2025-04-07 10:36:17 22264:22264 ActivityProfilerController.cpp:320] Completed Stage: Collection
STAGE:2025-04-07 10:36:17 22264:22264 ActivityProfilerController.cpp:324] Completed Stage: Post Processing
STAGE:2025-04-07 10:39:00 22264:22264 ActivityProfilerController.cpp:314] Completed Stage: Warm Up
STAGE:2025-04-07 10:39:00 22264:22264 ActivityProfilerController.cpp:320] Completed Stage: Collection
STAGE:2025-04-07 10:39:00 22264:22264 ActivityProfilerController.cpp:324] Completed Stage: Post Processing
Epoch 2 |             Train Loss: 10.7405 | Token Acc: 0.0660 | Seq Acc: 0.0000 |             Val Loss: 10.6674 | Token Acc: 0.0661 | Seq Acc: 0.0000
STAGE:2025-04-07 10:39:31 22264:22264 ActivityProfilerController.cpp:314] Completed Stage: Warm Up
STAGE:2025-04-07 10:39:31 22264:22264 ActivityProfilerController.cpp:320] Completed Stage: Collection
STAGE:2025-04-07 10:39:31 22264:22264 ActivityProfilerController.cpp:324] Completed Stage: Post Processing
STAGE:2025-04-07 10:42:13 22264:22264 ActivityProfilerController.cpp:314] Completed Stage: Warm Up
STAGE:2025-04-07 10:42:14 22264:22264 ActivityProfilerController.cpp:320] Completed Stage: Collection
STAGE:2025-04-07 10:42:14 22264:22264 ActivityProfilerController.cpp:324] Completed Stage: Post Processing
Epoch 3 |             Train Loss: 10.5982 | Token Acc: 0.0660 | Seq Acc: 0.0000 |             Val Loss: 10.5287 | Token Acc: 0.0661 | Seq Acc: 0.0000
STAGE:2025-04-07 10:42:43 22264:22264 ActivityProfilerController.cpp:314] Completed Stage: Warm Up
STAGE:2025-04-07 10:42:43 22264:22264 ActivityProfilerController.cpp:320] Completed Stage: Collection
STAGE:2025-04-07 10:42:43 22264:22264 ActivityProfilerController.cpp:324] Completed Stage: Post Processing
STAGE:2025-04-07 10:45:26 22264:22264 ActivityProfilerController.cpp:314] Completed Stage: Warm Up
STAGE:2025-04-07 10:45:26 22264:22264 ActivityProfilerController.cpp:320] Completed Stage: Collection
STAGE:2025-04-07 10:45:26 22264:22264 ActivityProfilerController.cpp:324] Completed Stage: Post Processing
Epoch 4 |             Train Loss: 10.4635 | Token Acc: 0.0660 | Seq Acc: 0.0000 |             Val Loss: 10.3993 | Token Acc: 0.0661 | Seq Acc: 0.0000
STAGE:2025-04-07 10:45:55 22264:22264 ActivityProfilerController.cpp:314] Completed Stage: Warm Up
STAGE:2025-04-07 10:45:55 22264:22264 ActivityProfilerController.cpp:320] Completed Stage: Collection
STAGE:2025-04-07 10:45:55 22264:22264 ActivityProfilerController.cpp:324] Completed Stage: Post Processing
STAGE:2025-04-07 10:48:38 22264:22264 ActivityProfilerController.cpp:314] Completed Stage: Warm Up
STAGE:2025-04-07 10:48:38 22264:22264 ActivityProfilerController.cpp:320] Completed Stage: Collection
STAGE:2025-04-07 10:48:38 22264:22264 ActivityProfilerController.cpp:324] Completed Stage: Post Processing
Epoch 5 |             Train Loss: 10.3397 | Token Acc: 0.0661 | Seq Acc: 0.0000 |             Val Loss: 10.2815 | Token Acc: 0.0661 | Seq Acc: 0.0000
STAGE:2025-04-07 10:49:08 22264:22264 ActivityProfilerController.cpp:314] Completed Stage: Warm Up
STAGE:2025-04-07 10:49:09 22264:22264 ActivityProfilerController.cpp:320] Completed Stage: Collection
STAGE:2025-04-07 10:49:09 22264:22264 ActivityProfilerController.cpp:324] Completed Stage: Post Processing
STAGE:2025-04-07 10:51:53 22264:22264 ActivityProfilerController.cpp:314] Completed Stage: Warm Up
STAGE:2025-04-07 10:51:53 22264:22264 ActivityProfilerController.cpp:320] Completed Stage: Collection
STAGE:2025-04-07 10:51:53 22264:22264 ActivityProfilerController.cpp:324] Completed Stage: Post Processing
Epoch 6 |             Train Loss: 10.2272 | Token Acc: 0.0661 | Seq Acc: 0.0000 |             Val Loss: 10.1747 | Token Acc: 0.0661 | Seq Acc: 0.0000
STAGE:2025-04-07 10:52:23 22264:22264 ActivityProfilerController.cpp:314] Completed Stage: Warm Up
STAGE:2025-04-07 10:52:23 22264:22264 ActivityProfilerController.cpp:320] Completed Stage: Collection
STAGE:2025-04-07 10:52:23 22264:22264 ActivityProfilerController.cpp:324] Completed Stage: Post Processing
STAGE:2025-04-07 10:55:05 22264:22264 ActivityProfilerController.cpp:314] Completed Stage: Warm Up
STAGE:2025-04-07 10:55:05 22264:22264 ActivityProfilerController.cpp:320] Completed Stage: Collection
STAGE:2025-04-07 10:55:05 22264:22264 ActivityProfilerController.cpp:324] Completed Stage: Post Processing
Epoch 7 |             Train Loss: 10.1253 | Token Acc: 0.0661 | Seq Acc: 0.0000 |             Val Loss: 10.0779 | Token Acc: 0.0661 | Seq Acc: 0.0000
STAGE:2025-04-07 10:55:35 22264:22264 ActivityProfilerController.cpp:314] Completed Stage: Warm Up
STAGE:2025-04-07 10:55:35 22264:22264 ActivityProfilerController.cpp:320] Completed Stage: Collection
STAGE:2025-04-07 10:55:35 22264:22264 ActivityProfilerController.cpp:324] Completed Stage: Post Processing
STAGE:2025-04-07 10:58:16 22264:22264 ActivityProfilerController.cpp:314] Completed Stage: Warm Up
STAGE:2025-04-07 10:58:16 22264:22264 ActivityProfilerController.cpp:320] Completed Stage: Collection
STAGE:2025-04-07 10:58:16 22264:22264 ActivityProfilerController.cpp:324] Completed Stage: Post Processing
Epoch 8 |             Train Loss: 10.0326 | Token Acc: 0.0661 | Seq Acc: 0.0000 |             Val Loss: 9.9895 | Token Acc: 0.0661 | Seq Acc: 0.0000
STAGE:2025-04-07 10:58:46 22264:22264 ActivityProfilerController.cpp:314] Completed Stage: Warm Up
STAGE:2025-04-07 10:58:46 22264:22264 ActivityProfilerController.cpp:320] Completed Stage: Collection
STAGE:2025-04-07 10:58:46 22264:22264 ActivityProfilerController.cpp:324] Completed Stage: Post Processing
STAGE:2025-04-07 11:01:29 22264:22264 ActivityProfilerController.cpp:314] Completed Stage: Warm Up
STAGE:2025-04-07 11:01:30 22264:22264 ActivityProfilerController.cpp:320] Completed Stage: Collection
STAGE:2025-04-07 11:01:30 22264:22264 ActivityProfilerController.cpp:324] Completed Stage: Post Processing
Epoch 9 |             Train Loss: 9.9476 | Token Acc: 0.0661 | Seq Acc: 0.0000 |             Val Loss: 9.9079 | Token Acc: 0.0661 | Seq Acc: 0.0000
save checkpoint for epoch 9
STAGE:2025-04-07 11:01:59 22264:22264 ActivityProfilerController.cpp:314] Completed Stage: Warm Up
STAGE:2025-04-07 11:02:00 22264:22264 ActivityProfilerController.cpp:320] Completed Stage: Collection
STAGE:2025-04-07 11:02:00 22264:22264 ActivityProfilerController.cpp:324] Completed Stage: Post Processing
STAGE:2025-04-07 11:04:42 22264:22264 ActivityProfilerController.cpp:314] Completed Stage: Warm Up
STAGE:2025-04-07 11:04:42 22264:22264 ActivityProfilerController.cpp:320] Completed Stage: Collection
STAGE:2025-04-07 11:04:42 22264:22264 ActivityProfilerController.cpp:324] Completed Stage: Post Processing
Epoch 10 |             Train Loss: 9.8686 | Token Acc: 0.0661 | Seq Acc: 0.0000 |             Val Loss: 9.8322 | Token Acc: 0.0661 | Seq Acc: 0.0000
STAGE:2025-04-07 11:05:12 22264:22264 ActivityProfilerController.cpp:314] Completed Stage: Warm Up
STAGE:2025-04-07 11:05:12 22264:22264 ActivityProfilerController.cpp:320] Completed Stage: Collection
STAGE:2025-04-07 11:05:12 22264:22264 ActivityProfilerController.cpp:324] Completed Stage: Post Processing
STAGE:2025-04-07 11:07:54 22264:22264 ActivityProfilerController.cpp:314] Completed Stage: Warm Up
STAGE:2025-04-07 11:07:55 22264:22264 ActivityProfilerController.cpp:320] Completed Stage: Collection
STAGE:2025-04-07 11:07:55 22264:22264 ActivityProfilerController.cpp:324] Completed Stage: Post Processing
Epoch 11 |             Train Loss: 9.7956 | Token Acc: 0.0661 | Seq Acc: 0.0000 |             Val Loss: 9.7618 | Token Acc: 0.0661 | Seq Acc: 0.0000
STAGE:2025-04-07 11:08:24 22264:22264 ActivityProfilerController.cpp:314] Completed Stage: Warm Up
STAGE:2025-04-07 11:08:24 22264:22264 ActivityProfilerController.cpp:320] Completed Stage: Collection
STAGE:2025-04-07 11:08:24 22264:22264 ActivityProfilerController.cpp:324] Completed Stage: Post Processing
STAGE:2025-04-07 11:11:05 22264:22264 ActivityProfilerController.cpp:314] Completed Stage: Warm Up
STAGE:2025-04-07 11:11:05 22264:22264 ActivityProfilerController.cpp:320] Completed Stage: Collection
STAGE:2025-04-07 11:11:05 22264:22264 ActivityProfilerController.cpp:324] Completed Stage: Post Processing
Epoch 12 |             Train Loss: 9.7274 | Token Acc: 0.0661 | Seq Acc: 0.0000 |             Val Loss: 9.6960 | Token Acc: 0.0661 | Seq Acc: 0.0000
STAGE:2025-04-07 11:11:34 22264:22264 ActivityProfilerController.cpp:314] Completed Stage: Warm Up
STAGE:2025-04-07 11:11:34 22264:22264 ActivityProfilerController.cpp:320] Completed Stage: Collection
STAGE:2025-04-07 11:11:35 22264:22264 ActivityProfilerController.cpp:324] Completed Stage: Post Processing
STAGE:2025-04-07 11:14:20 22264:22264 ActivityProfilerController.cpp:314] Completed Stage: Warm Up
STAGE:2025-04-07 11:14:21 22264:22264 ActivityProfilerController.cpp:320] Completed Stage: Collection
STAGE:2025-04-07 11:14:21 22264:22264 ActivityProfilerController.cpp:324] Completed Stage: Post Processing
Epoch 13 |             Train Loss: 9.6635 | Token Acc: 0.0661 | Seq Acc: 0.0000 |             Val Loss: 9.6344 | Token Acc: 0.0661 | Seq Acc: 0.0000
STAGE:2025-04-07 11:14:50 22264:22264 ActivityProfilerController.cpp:314] Completed Stage: Warm Up
STAGE:2025-04-07 11:14:50 22264:22264 ActivityProfilerController.cpp:320] Completed Stage: Collection
STAGE:2025-04-07 11:14:50 22264:22264 ActivityProfilerController.cpp:324] Completed Stage: Post Processing
STAGE:2025-04-07 11:17:33 22264:22264 ActivityProfilerController.cpp:314] Completed Stage: Warm Up
STAGE:2025-04-07 11:17:33 22264:22264 ActivityProfilerController.cpp:320] Completed Stage: Collection
STAGE:2025-04-07 11:17:33 22264:22264 ActivityProfilerController.cpp:324] Completed Stage: Post Processing
Epoch 14 |             Train Loss: 9.6037 | Token Acc: 0.0661 | Seq Acc: 0.0000 |             Val Loss: 9.5765 | Token Acc: 0.0661 | Seq Acc: 0.0000
STAGE:2025-04-07 11:18:02 22264:22264 ActivityProfilerController.cpp:314] Completed Stage: Warm Up
STAGE:2025-04-07 11:18:03 22264:22264 ActivityProfilerController.cpp:320] Completed Stage: Collection
STAGE:2025-04-07 11:18:03 22264:22264 ActivityProfilerController.cpp:324] Completed Stage: Post Processing
STAGE:2025-04-07 11:20:44 22264:22264 ActivityProfilerController.cpp:314] Completed Stage: Warm Up
STAGE:2025-04-07 11:20:44 22264:22264 ActivityProfilerController.cpp:320] Completed Stage: Collection
STAGE:2025-04-07 11:20:44 22264:22264 ActivityProfilerController.cpp:324] Completed Stage: Post Processing
Epoch 15 |             Train Loss: 9.5474 | Token Acc: 0.0661 | Seq Acc: 0.0000 |             Val Loss: 9.5219 | Token Acc: 0.0661 | Seq Acc: 0.0000
STAGE:2025-04-07 11:21:13 22264:22264 ActivityProfilerController.cpp:314] Completed Stage: Warm Up
STAGE:2025-04-07 11:21:14 22264:22264 ActivityProfilerController.cpp:320] Completed Stage: Collection
STAGE:2025-04-07 11:21:14 22264:22264 ActivityProfilerController.cpp:324] Completed Stage: Post Processing
STAGE:2025-04-07 11:24:01 22264:22264 ActivityProfilerController.cpp:314] Completed Stage: Warm Up
STAGE:2025-04-07 11:24:01 22264:22264 ActivityProfilerController.cpp:320] Completed Stage: Collection
STAGE:2025-04-07 11:24:01 22264:22264 ActivityProfilerController.cpp:324] Completed Stage: Post Processing
Epoch 16 |             Train Loss: 9.4940 | Token Acc: 0.0662 | Seq Acc: 0.0000 |             Val Loss: 9.4704 | Token Acc: 0.0662 | Seq Acc: 0.0000
STAGE:2025-04-07 11:24:31 22264:22264 ActivityProfilerController.cpp:314] Completed Stage: Warm Up
STAGE:2025-04-07 11:24:32 22264:22264 ActivityProfilerController.cpp:320] Completed Stage: Collection
STAGE:2025-04-07 11:24:32 22264:22264 ActivityProfilerController.cpp:324] Completed Stage: Post Processing
STAGE:2025-04-07 11:27:13 22264:22264 ActivityProfilerController.cpp:314] Completed Stage: Warm Up
STAGE:2025-04-07 11:27:14 22264:22264 ActivityProfilerController.cpp:320] Completed Stage: Collection
STAGE:2025-04-07 11:27:14 22264:22264 ActivityProfilerController.cpp:324] Completed Stage: Post Processing
Epoch 17 |             Train Loss: 9.4438 | Token Acc: 0.0662 | Seq Acc: 0.0000 |             Val Loss: 9.4216 | Token Acc: 0.0662 | Seq Acc: 0.0000
STAGE:2025-04-07 11:27:43 22264:22264 ActivityProfilerController.cpp:314] Completed Stage: Warm Up
STAGE:2025-04-07 11:27:43 22264:22264 ActivityProfilerController.cpp:320] Completed Stage: Collection
STAGE:2025-04-07 11:27:43 22264:22264 ActivityProfilerController.cpp:324] Completed Stage: Post Processing
STAGE:2025-04-07 11:30:24 22264:22264 ActivityProfilerController.cpp:314] Completed Stage: Warm Up
STAGE:2025-04-07 11:30:24 22264:22264 ActivityProfilerController.cpp:320] Completed Stage: Collection
STAGE:2025-04-07 11:30:24 22264:22264 ActivityProfilerController.cpp:324] Completed Stage: Post Processing
Epoch 18 |             Train Loss: 9.3962 | Token Acc: 0.0662 | Seq Acc: 0.0000 |             Val Loss: 9.3755 | Token Acc: 0.0662 | Seq Acc: 0.0000
STAGE:2025-04-07 11:30:54 22264:22264 ActivityProfilerController.cpp:314] Completed Stage: Warm Up
STAGE:2025-04-07 11:30:54 22264:22264 ActivityProfilerController.cpp:320] Completed Stage: Collection
STAGE:2025-04-07 11:30:54 22264:22264 ActivityProfilerController.cpp:324] Completed Stage: Post Processing
STAGE:2025-04-07 11:33:39 22264:22264 ActivityProfilerController.cpp:314] Completed Stage: Warm Up
STAGE:2025-04-07 11:33:40 22264:22264 ActivityProfilerController.cpp:320] Completed Stage: Collection
STAGE:2025-04-07 11:33:40 22264:22264 ActivityProfilerController.cpp:324] Completed Stage: Post Processing
Epoch 19 |             Train Loss: 9.3512 | Token Acc: 0.0662 | Seq Acc: 0.0000 |             Val Loss: 9.3319 | Token Acc: 0.0662 | Seq Acc: 0.0000
save checkpoint for epoch 19
STAGE:2025-04-07 11:34:10 22264:22264 ActivityProfilerController.cpp:314] Completed Stage: Warm Up
STAGE:2025-04-07 11:34:10 22264:22264 ActivityProfilerController.cpp:320] Completed Stage: Collection
STAGE:2025-04-07 11:34:10 22264:22264 ActivityProfilerController.cpp:324] Completed Stage: Post Processing
STAGE:2025-04-07 11:36:52 22264:22264 ActivityProfilerController.cpp:314] Completed Stage: Warm Up
STAGE:2025-04-07 11:36:52 22264:22264 ActivityProfilerController.cpp:320] Completed Stage: Collection
STAGE:2025-04-07 11:36:52 22264:22264 ActivityProfilerController.cpp:324] Completed Stage: Post Processing
Epoch 20 |             Train Loss: 9.3085 | Token Acc: 0.0662 | Seq Acc: 0.0000 |             Val Loss: 9.2906 | Token Acc: 0.0662 | Seq Acc: 0.0000
STAGE:2025-04-07 11:37:22 22264:22264 ActivityProfilerController.cpp:314] Completed Stage: Warm Up
STAGE:2025-04-07 11:37:22 22264:22264 ActivityProfilerController.cpp:320] Completed Stage: Collection
STAGE:2025-04-07 11:37:22 22264:22264 ActivityProfilerController.cpp:324] Completed Stage: Post Processing
STAGE:2025-04-07 11:40:04 22264:22264 ActivityProfilerController.cpp:314] Completed Stage: Warm Up
STAGE:2025-04-07 11:40:05 22264:22264 ActivityProfilerController.cpp:320] Completed Stage: Collection
STAGE:2025-04-07 11:40:05 22264:22264 ActivityProfilerController.cpp:324] Completed Stage: Post Processing
Epoch 21 |             Train Loss: 9.2682 | Token Acc: 0.0663 | Seq Acc: 0.0000 |             Val Loss: 9.2515 | Token Acc: 0.0663 | Seq Acc: 0.0000
STAGE:2025-04-07 11:40:34 22264:22264 ActivityProfilerController.cpp:314] Completed Stage: Warm Up
STAGE:2025-04-07 11:40:35 22264:22264 ActivityProfilerController.cpp:320] Completed Stage: Collection
STAGE:2025-04-07 11:40:35 22264:22264 ActivityProfilerController.cpp:324] Completed Stage: Post Processing
STAGE:2025-04-07 11:43:14 22264:22264 ActivityProfilerController.cpp:314] Completed Stage: Warm Up
STAGE:2025-04-07 11:43:14 22264:22264 ActivityProfilerController.cpp:320] Completed Stage: Collection
STAGE:2025-04-07 11:43:14 22264:22264 ActivityProfilerController.cpp:324] Completed Stage: Post Processing
Epoch 22 |             Train Loss: 9.2301 | Token Acc: 0.0663 | Seq Acc: 0.0000 |             Val Loss: 9.2145 | Token Acc: 0.0663 | Seq Acc: 0.0000
STAGE:2025-04-07 11:43:43 22264:22264 ActivityProfilerController.cpp:314] Completed Stage: Warm Up
STAGE:2025-04-07 11:43:43 22264:22264 ActivityProfilerController.cpp:320] Completed Stage: Collection
STAGE:2025-04-07 11:43:43 22264:22264 ActivityProfilerController.cpp:324] Completed Stage: Post Processing
STAGE:2025-04-07 11:46:28 22264:22264 ActivityProfilerController.cpp:314] Completed Stage: Warm Up
STAGE:2025-04-07 11:46:29 22264:22264 ActivityProfilerController.cpp:320] Completed Stage: Collection
STAGE:2025-04-07 11:46:29 22264:22264 ActivityProfilerController.cpp:324] Completed Stage: Post Processing
Epoch 23 |             Train Loss: 9.1939 | Token Acc: 0.0663 | Seq Acc: 0.0000 |             Val Loss: 9.1795 | Token Acc: 0.0663 | Seq Acc: 0.0000
STAGE:2025-04-07 11:46:59 22264:22264 ActivityProfilerController.cpp:314] Completed Stage: Warm Up
STAGE:2025-04-07 11:46:59 22264:22264 ActivityProfilerController.cpp:320] Completed Stage: Collection
STAGE:2025-04-07 11:46:59 22264:22264 ActivityProfilerController.cpp:324] Completed Stage: Post Processing
STAGE:2025-04-07 11:49:41 22264:22264 ActivityProfilerController.cpp:314] Completed Stage: Warm Up
STAGE:2025-04-07 11:49:41 22264:22264 ActivityProfilerController.cpp:320] Completed Stage: Collection
STAGE:2025-04-07 11:49:41 22264:22264 ActivityProfilerController.cpp:324] Completed Stage: Post Processing
Epoch 24 |             Train Loss: 9.1596 | Token Acc: 0.0664 | Seq Acc: 0.0000 |             Val Loss: 9.1463 | Token Acc: 0.0664 | Seq Acc: 0.0000
STAGE:2025-04-07 11:50:11 22264:22264 ActivityProfilerController.cpp:314] Completed Stage: Warm Up
STAGE:2025-04-07 11:50:11 22264:22264 ActivityProfilerController.cpp:320] Completed Stage: Collection
STAGE:2025-04-07 11:50:11 22264:22264 ActivityProfilerController.cpp:324] Completed Stage: Post Processing
STAGE:2025-04-07 11:52:52 22264:22264 ActivityProfilerController.cpp:314] Completed Stage: Warm Up
STAGE:2025-04-07 11:52:53 22264:22264 ActivityProfilerController.cpp:320] Completed Stage: Collection
STAGE:2025-04-07 11:52:53 22264:22264 ActivityProfilerController.cpp:324] Completed Stage: Post Processing
Epoch 25 |             Train Loss: 9.1273 | Token Acc: 0.0664 | Seq Acc: 0.0000 |             Val Loss: 9.1148 | Token Acc: 0.0665 | Seq Acc: 0.0000
STAGE:2025-04-07 11:53:22 22264:22264 ActivityProfilerController.cpp:314] Completed Stage: Warm Up
STAGE:2025-04-07 11:53:23 22264:22264 ActivityProfilerController.cpp:320] Completed Stage: Collection
STAGE:2025-04-07 11:53:23 22264:22264 ActivityProfilerController.cpp:324] Completed Stage: Post Processing
STAGE:2025-04-07 11:56:10 22264:22264 ActivityProfilerController.cpp:314] Completed Stage: Warm Up
STAGE:2025-04-07 11:56:11 22264:22264 ActivityProfilerController.cpp:320] Completed Stage: Collection
STAGE:2025-04-07 11:56:11 22264:22264 ActivityProfilerController.cpp:324] Completed Stage: Post Processing
Epoch 26 |             Train Loss: 9.0964 | Token Acc: 0.0665 | Seq Acc: 0.0000 |             Val Loss: 9.0849 | Token Acc: 0.0665 | Seq Acc: 0.0000
STAGE:2025-04-07 11:56:40 22264:22264 ActivityProfilerController.cpp:314] Completed Stage: Warm Up
STAGE:2025-04-07 11:56:41 22264:22264 ActivityProfilerController.cpp:320] Completed Stage: Collection
STAGE:2025-04-07 11:56:41 22264:22264 ActivityProfilerController.cpp:324] Completed Stage: Post Processing
STAGE:2025-04-07 11:59:23 22264:22264 ActivityProfilerController.cpp:314] Completed Stage: Warm Up
STAGE:2025-04-07 11:59:24 22264:22264 ActivityProfilerController.cpp:320] Completed Stage: Collection
STAGE:2025-04-07 11:59:24 22264:22264 ActivityProfilerController.cpp:324] Completed Stage: Post Processing
Epoch 27 |             Train Loss: 9.0673 | Token Acc: 0.0665 | Seq Acc: 0.0000 |             Val Loss: 9.0566 | Token Acc: 0.0666 | Seq Acc: 0.0000
STAGE:2025-04-07 11:59:53 22264:22264 ActivityProfilerController.cpp:314] Completed Stage: Warm Up
STAGE:2025-04-07 11:59:54 22264:22264 ActivityProfilerController.cpp:320] Completed Stage: Collection
STAGE:2025-04-07 11:59:54 22264:22264 ActivityProfilerController.cpp:324] Completed Stage: Post Processing
STAGE:2025-04-07 12:02:35 22264:22264 ActivityProfilerController.cpp:314] Completed Stage: Warm Up
STAGE:2025-04-07 12:02:35 22264:22264 ActivityProfilerController.cpp:320] Completed Stage: Collection
STAGE:2025-04-07 12:02:35 22264:22264 ActivityProfilerController.cpp:324] Completed Stage: Post Processing
Epoch 28 |             Train Loss: 9.0397 | Token Acc: 0.0666 | Seq Acc: 0.0000 |             Val Loss: 9.0298 | Token Acc: 0.0667 | Seq Acc: 0.0000
STAGE:2025-04-07 12:03:05 22264:22264 ActivityProfilerController.cpp:314] Completed Stage: Warm Up
STAGE:2025-04-07 12:03:05 22264:22264 ActivityProfilerController.cpp:320] Completed Stage: Collection
STAGE:2025-04-07 12:03:05 22264:22264 ActivityProfilerController.cpp:324] Completed Stage: Post Processing
STAGE:2025-04-07 12:05:45 22264:22264 ActivityProfilerController.cpp:314] Completed Stage: Warm Up
STAGE:2025-04-07 12:05:45 22264:22264 ActivityProfilerController.cpp:320] Completed Stage: Collection
STAGE:2025-04-07 12:05:45 22264:22264 ActivityProfilerController.cpp:324] Completed Stage: Post Processing
Epoch 29 |             Train Loss: 9.0134 | Token Acc: 0.0667 | Seq Acc: 0.0000 |             Val Loss: 9.0042 | Token Acc: 0.0667 | Seq Acc: 0.0000
save checkpoint for epoch 29
STAGE:2025-04-07 12:06:16 22264:22264 ActivityProfilerController.cpp:314] Completed Stage: Warm Up
STAGE:2025-04-07 12:06:17 22264:22264 ActivityProfilerController.cpp:320] Completed Stage: Collection
STAGE:2025-04-07 12:06:17 22264:22264 ActivityProfilerController.cpp:324] Completed Stage: Post Processing
STAGE:2025-04-07 12:08:59 22264:22264 ActivityProfilerController.cpp:314] Completed Stage: Warm Up
STAGE:2025-04-07 12:09:00 22264:22264 ActivityProfilerController.cpp:320] Completed Stage: Collection
STAGE:2025-04-07 12:09:00 22264:22264 ActivityProfilerController.cpp:324] Completed Stage: Post Processing
Epoch 30 |             Train Loss: 8.9883 | Token Acc: 0.0667 | Seq Acc: 0.0000 |             Val Loss: 8.9799 | Token Acc: 0.0668 | Seq Acc: 0.0000
STAGE:2025-04-07 12:09:29 22264:22264 ActivityProfilerController.cpp:314] Completed Stage: Warm Up
STAGE:2025-04-07 12:09:30 22264:22264 ActivityProfilerController.cpp:320] Completed Stage: Collection
STAGE:2025-04-07 12:09:30 22264:22264 ActivityProfilerController.cpp:324] Completed Stage: Post Processing
STAGE:2025-04-07 12:12:15 22264:22264 ActivityProfilerController.cpp:314] Completed Stage: Warm Up
STAGE:2025-04-07 12:12:15 22264:22264 ActivityProfilerController.cpp:320] Completed Stage: Collection
STAGE:2025-04-07 12:12:15 22264:22264 ActivityProfilerController.cpp:324] Completed Stage: Post Processing
Epoch 31 |             Train Loss: 8.9648 | Token Acc: 0.0668 | Seq Acc: 0.0000 |             Val Loss: 8.9568 | Token Acc: 0.0669 | Seq Acc: 0.0000
STAGE:2025-04-07 12:12:44 22264:22264 ActivityProfilerController.cpp:314] Completed Stage: Warm Up
STAGE:2025-04-07 12:12:45 22264:22264 ActivityProfilerController.cpp:320] Completed Stage: Collection
STAGE:2025-04-07 12:12:45 22264:22264 ActivityProfilerController.cpp:324] Completed Stage: Post Processing
STAGE:2025-04-07 12:15:25 22264:22264 ActivityProfilerController.cpp:314] Completed Stage: Warm Up
STAGE:2025-04-07 12:15:25 22264:22264 ActivityProfilerController.cpp:320] Completed Stage: Collection
STAGE:2025-04-07 12:15:25 22264:22264 ActivityProfilerController.cpp:324] Completed Stage: Post Processing
Epoch 32 |             Train Loss: 8.9421 | Token Acc: 0.0669 | Seq Acc: 0.0000 |             Val Loss: 8.9348 | Token Acc: 0.0669 | Seq Acc: 0.0000
STAGE:2025-04-07 12:15:54 22264:22264 ActivityProfilerController.cpp:314] Completed Stage: Warm Up
STAGE:2025-04-07 12:15:54 22264:22264 ActivityProfilerController.cpp:320] Completed Stage: Collection
STAGE:2025-04-07 12:15:54 22264:22264 ActivityProfilerController.cpp:324] Completed Stage: Post Processing
STAGE:2025-04-07 12:18:42 22264:22264 ActivityProfilerController.cpp:314] Completed Stage: Warm Up
STAGE:2025-04-07 12:18:43 22264:22264 ActivityProfilerController.cpp:320] Completed Stage: Collection
STAGE:2025-04-07 12:18:43 22264:22264 ActivityProfilerController.cpp:324] Completed Stage: Post Processing
Epoch 33 |             Train Loss: 8.9206 | Token Acc: 0.0670 | Seq Acc: 0.0000 |             Val Loss: 8.9137 | Token Acc: 0.0670 | Seq Acc: 0.0000
STAGE:2025-04-07 12:19:12 22264:22264 ActivityProfilerController.cpp:314] Completed Stage: Warm Up
STAGE:2025-04-07 12:19:13 22264:22264 ActivityProfilerController.cpp:320] Completed Stage: Collection
STAGE:2025-04-07 12:19:13 22264:22264 ActivityProfilerController.cpp:324] Completed Stage: Post Processing
STAGE:2025-04-07 12:21:55 22264:22264 ActivityProfilerController.cpp:314] Completed Stage: Warm Up
STAGE:2025-04-07 12:21:56 22264:22264 ActivityProfilerController.cpp:320] Completed Stage: Collection
STAGE:2025-04-07 12:21:56 22264:22264 ActivityProfilerController.cpp:324] Completed Stage: Post Processing
Epoch 34 |             Train Loss: 8.8997 | Token Acc: 0.0670 | Seq Acc: 0.0000 |             Val Loss: 8.8936 | Token Acc: 0.0672 | Seq Acc: 0.0000
STAGE:2025-04-07 12:22:25 22264:22264 ActivityProfilerController.cpp:314] Completed Stage: Warm Up
STAGE:2025-04-07 12:22:25 22264:22264 ActivityProfilerController.cpp:320] Completed Stage: Collection
STAGE:2025-04-07 12:22:25 22264:22264 ActivityProfilerController.cpp:324] Completed Stage: Post Processing
STAGE:2025-04-07 12:25:06 22264:22264 ActivityProfilerController.cpp:314] Completed Stage: Warm Up
STAGE:2025-04-07 12:25:06 22264:22264 ActivityProfilerController.cpp:320] Completed Stage: Collection
STAGE:2025-04-07 12:25:06 22264:22264 ActivityProfilerController.cpp:324] Completed Stage: Post Processing
Epoch 35 |             Train Loss: 8.8802 | Token Acc: 0.0671 | Seq Acc: 0.0000 |             Val Loss: 8.8744 | Token Acc: 0.0672 | Seq Acc: 0.0000
STAGE:2025-04-07 12:25:35 22264:22264 ActivityProfilerController.cpp:314] Completed Stage: Warm Up
STAGE:2025-04-07 12:25:36 22264:22264 ActivityProfilerController.cpp:320] Completed Stage: Collection
STAGE:2025-04-07 12:25:36 22264:22264 ActivityProfilerController.cpp:324] Completed Stage: Post Processing
STAGE:2025-04-07 12:28:22 22264:22264 ActivityProfilerController.cpp:314] Completed Stage: Warm Up
STAGE:2025-04-07 12:28:23 22264:22264 ActivityProfilerController.cpp:320] Completed Stage: Collection
STAGE:2025-04-07 12:28:23 22264:22264 ActivityProfilerController.cpp:324] Completed Stage: Post Processing
Epoch 36 |             Train Loss: 8.8613 | Token Acc: 0.0672 | Seq Acc: 0.0000 |             Val Loss: 8.8561 | Token Acc: 0.0673 | Seq Acc: 0.0000
STAGE:2025-04-07 12:28:52 22264:22264 ActivityProfilerController.cpp:314] Completed Stage: Warm Up
STAGE:2025-04-07 12:28:52 22264:22264 ActivityProfilerController.cpp:320] Completed Stage: Collection
STAGE:2025-04-07 12:28:53 22264:22264 ActivityProfilerController.cpp:324] Completed Stage: Post Processing
STAGE:2025-04-07 12:31:38 22264:22264 ActivityProfilerController.cpp:314] Completed Stage: Warm Up
STAGE:2025-04-07 12:31:38 22264:22264 ActivityProfilerController.cpp:320] Completed Stage: Collection
STAGE:2025-04-07 12:31:38 22264:22264 ActivityProfilerController.cpp:324] Completed Stage: Post Processing
Epoch 37 |             Train Loss: 8.8433 | Token Acc: 0.0673 | Seq Acc: 0.0000 |             Val Loss: 8.8385 | Token Acc: 0.0674 | Seq Acc: 0.0000
STAGE:2025-04-07 12:32:07 22264:22264 ActivityProfilerController.cpp:314] Completed Stage: Warm Up
STAGE:2025-04-07 12:32:07 22264:22264 ActivityProfilerController.cpp:320] Completed Stage: Collection
STAGE:2025-04-07 12:32:08 22264:22264 ActivityProfilerController.cpp:324] Completed Stage: Post Processing
STAGE:2025-04-07 12:34:50 22264:22264 ActivityProfilerController.cpp:314] Completed Stage: Warm Up
STAGE:2025-04-07 12:34:51 22264:22264 ActivityProfilerController.cpp:320] Completed Stage: Collection
STAGE:2025-04-07 12:34:51 22264:22264 ActivityProfilerController.cpp:324] Completed Stage: Post Processing
Epoch 38 |             Train Loss: 8.8262 | Token Acc: 0.0674 | Seq Acc: 0.0000 |             Val Loss: 8.8217 | Token Acc: 0.0675 | Seq Acc: 0.0000
STAGE:2025-04-07 12:35:19 22264:22264 ActivityProfilerController.cpp:314] Completed Stage: Warm Up
STAGE:2025-04-07 12:35:20 22264:22264 ActivityProfilerController.cpp:320] Completed Stage: Collection
STAGE:2025-04-07 12:35:20 22264:22264 ActivityProfilerController.cpp:324] Completed Stage: Post Processing
STAGE:2025-04-07 12:38:02 22264:22264 ActivityProfilerController.cpp:314] Completed Stage: Warm Up
STAGE:2025-04-07 12:38:02 22264:22264 ActivityProfilerController.cpp:320] Completed Stage: Collection
STAGE:2025-04-07 12:38:02 22264:22264 ActivityProfilerController.cpp:324] Completed Stage: Post Processing
Epoch 39 |             Train Loss: 8.8096 | Token Acc: 0.0675 | Seq Acc: 0.0000 |             Val Loss: 8.8055 | Token Acc: 0.0676 | Seq Acc: 0.0000
save checkpoint for epoch 39
STAGE:2025-04-07 12:38:33 22264:22264 ActivityProfilerController.cpp:314] Completed Stage: Warm Up
STAGE:2025-04-07 12:38:34 22264:22264 ActivityProfilerController.cpp:320] Completed Stage: Collection
STAGE:2025-04-07 12:38:34 22264:22264 ActivityProfilerController.cpp:324] Completed Stage: Post Processing
STAGE:2025-04-07 12:41:17 22264:22264 ActivityProfilerController.cpp:314] Completed Stage: Warm Up
STAGE:2025-04-07 12:41:17 22264:22264 ActivityProfilerController.cpp:320] Completed Stage: Collection
STAGE:2025-04-07 12:41:17 22264:22264 ActivityProfilerController.cpp:324] Completed Stage: Post Processing
Epoch 40 |             Train Loss: 8.7938 | Token Acc: 0.0675 | Seq Acc: 0.0000 |             Val Loss: 8.7900 | Token Acc: 0.0676 | Seq Acc: 0.0000
STAGE:2025-04-07 12:41:46 22264:22264 ActivityProfilerController.cpp:314] Completed Stage: Warm Up
STAGE:2025-04-07 12:41:47 22264:22264 ActivityProfilerController.cpp:320] Completed Stage: Collection
STAGE:2025-04-07 12:41:47 22264:22264 ActivityProfilerController.cpp:324] Completed Stage: Post Processing
STAGE:2025-04-07 12:44:29 22264:22264 ActivityProfilerController.cpp:314] Completed Stage: Warm Up
STAGE:2025-04-07 12:44:30 22264:22264 ActivityProfilerController.cpp:320] Completed Stage: Collection
STAGE:2025-04-07 12:44:30 22264:22264 ActivityProfilerController.cpp:324] Completed Stage: Post Processing
Epoch 41 |             Train Loss: 8.7786 | Token Acc: 0.0676 | Seq Acc: 0.0000 |             Val Loss: 8.7752 | Token Acc: 0.0677 | Seq Acc: 0.0000
STAGE:2025-04-07 12:44:59 22264:22264 ActivityProfilerController.cpp:314] Completed Stage: Warm Up
STAGE:2025-04-07 12:45:00 22264:22264 ActivityProfilerController.cpp:320] Completed Stage: Collection
STAGE:2025-04-07 12:45:00 22264:22264 ActivityProfilerController.cpp:324] Completed Stage: Post Processing
STAGE:2025-04-07 12:47:42 22264:22264 ActivityProfilerController.cpp:314] Completed Stage: Warm Up
STAGE:2025-04-07 12:47:42 22264:22264 ActivityProfilerController.cpp:320] Completed Stage: Collection
STAGE:2025-04-07 12:47:42 22264:22264 ActivityProfilerController.cpp:324] Completed Stage: Post Processing
Epoch 42 |             Train Loss: 8.7641 | Token Acc: 0.0677 | Seq Acc: 0.0000 |             Val Loss: 8.7609 | Token Acc: 0.0678 | Seq Acc: 0.0000
STAGE:2025-04-07 12:48:12 22264:22264 ActivityProfilerController.cpp:314] Completed Stage: Warm Up
STAGE:2025-04-07 12:48:12 22264:22264 ActivityProfilerController.cpp:320] Completed Stage: Collection
STAGE:2025-04-07 12:48:12 22264:22264 ActivityProfilerController.cpp:324] Completed Stage: Post Processing
STAGE:2025-04-07 12:51:02 22264:22264 ActivityProfilerController.cpp:314] Completed Stage: Warm Up
STAGE:2025-04-07 12:51:03 22264:22264 ActivityProfilerController.cpp:320] Completed Stage: Collection
STAGE:2025-04-07 12:51:03 22264:22264 ActivityProfilerController.cpp:324] Completed Stage: Post Processing
Epoch 43 |             Train Loss: 8.7499 | Token Acc: 0.0678 | Seq Acc: 0.0000 |             Val Loss: 8.7471 | Token Acc: 0.0678 | Seq Acc: 0.0000
STAGE:2025-04-07 12:51:32 22264:22264 ActivityProfilerController.cpp:314] Completed Stage: Warm Up
STAGE:2025-04-07 12:51:33 22264:22264 ActivityProfilerController.cpp:320] Completed Stage: Collection
STAGE:2025-04-07 12:51:33 22264:22264 ActivityProfilerController.cpp:324] Completed Stage: Post Processing
STAGE:2025-04-07 12:54:16 22264:22264 ActivityProfilerController.cpp:314] Completed Stage: Warm Up
STAGE:2025-04-07 12:54:16 22264:22264 ActivityProfilerController.cpp:320] Completed Stage: Collection
STAGE:2025-04-07 12:54:16 22264:22264 ActivityProfilerController.cpp:324] Completed Stage: Post Processing
Epoch 44 |             Train Loss: 8.7363 | Token Acc: 0.0678 | Seq Acc: 0.0000 |             Val Loss: 8.7339 | Token Acc: 0.0679 | Seq Acc: 0.0000
STAGE:2025-04-07 12:54:45 22264:22264 ActivityProfilerController.cpp:314] Completed Stage: Warm Up
STAGE:2025-04-07 12:54:46 22264:22264 ActivityProfilerController.cpp:320] Completed Stage: Collection
STAGE:2025-04-07 12:54:46 22264:22264 ActivityProfilerController.cpp:324] Completed Stage: Post Processing
STAGE:2025-04-07 12:57:27 22264:22264 ActivityProfilerController.cpp:314] Completed Stage: Warm Up
STAGE:2025-04-07 12:57:27 22264:22264 ActivityProfilerController.cpp:320] Completed Stage: Collection
STAGE:2025-04-07 12:57:27 22264:22264 ActivityProfilerController.cpp:324] Completed Stage: Post Processing
Epoch 45 |             Train Loss: 8.7234 | Token Acc: 0.0679 | Seq Acc: 0.0000 |             Val Loss: 8.7212 | Token Acc: 0.0680 | Seq Acc: 0.0000
STAGE:2025-04-07 12:57:56 22264:22264 ActivityProfilerController.cpp:314] Completed Stage: Warm Up
STAGE:2025-04-07 12:57:56 22264:22264 ActivityProfilerController.cpp:320] Completed Stage: Collection
STAGE:2025-04-07 12:57:56 22264:22264 ActivityProfilerController.cpp:324] Completed Stage: Post Processing
STAGE:2025-04-07 13:00:43 22264:22264 ActivityProfilerController.cpp:314] Completed Stage: Warm Up
STAGE:2025-04-07 13:00:43 22264:22264 ActivityProfilerController.cpp:320] Completed Stage: Collection
STAGE:2025-04-07 13:00:43 22264:22264 ActivityProfilerController.cpp:324] Completed Stage: Post Processing
Epoch 46 |             Train Loss: 8.7109 | Token Acc: 0.0680 | Seq Acc: 0.0000 |             Val Loss: 8.7090 | Token Acc: 0.0680 | Seq Acc: 0.0000
STAGE:2025-04-07 13:01:13 22264:22264 ActivityProfilerController.cpp:314] Completed Stage: Warm Up
STAGE:2025-04-07 13:01:13 22264:22264 ActivityProfilerController.cpp:320] Completed Stage: Collection
STAGE:2025-04-07 13:01:13 22264:22264 ActivityProfilerController.cpp:324] Completed Stage: Post Processing
STAGE:2025-04-07 13:03:55 22264:22264 ActivityProfilerController.cpp:314] Completed Stage: Warm Up
STAGE:2025-04-07 13:03:55 22264:22264 ActivityProfilerController.cpp:320] Completed Stage: Collection
STAGE:2025-04-07 13:03:55 22264:22264 ActivityProfilerController.cpp:324] Completed Stage: Post Processing
Epoch 47 |             Train Loss: 8.6990 | Token Acc: 0.0680 | Seq Acc: 0.0000 |             Val Loss: 8.6972 | Token Acc: 0.0681 | Seq Acc: 0.0000
STAGE:2025-04-07 13:04:25 22264:22264 ActivityProfilerController.cpp:314] Completed Stage: Warm Up
STAGE:2025-04-07 13:04:26 22264:22264 ActivityProfilerController.cpp:320] Completed Stage: Collection
STAGE:2025-04-07 13:04:26 22264:22264 ActivityProfilerController.cpp:324] Completed Stage: Post Processing
STAGE:2025-04-07 13:07:00 22264:22264 ActivityProfilerController.cpp:314] Completed Stage: Warm Up
STAGE:2025-04-07 13:07:00 22264:22264 ActivityProfilerController.cpp:320] Completed Stage: Collection
STAGE:2025-04-07 13:07:00 22264:22264 ActivityProfilerController.cpp:324] Completed Stage: Post Processing
Epoch 48 |             Train Loss: 8.6873 | Token Acc: 0.0681 | Seq Acc: 0.0000 |             Val Loss: 8.6859 | Token Acc: 0.0681 | Seq Acc: 0.0000
STAGE:2025-04-07 13:07:30 22264:22264 ActivityProfilerController.cpp:314] Completed Stage: Warm Up
STAGE:2025-04-07 13:07:31 22264:22264 ActivityProfilerController.cpp:320] Completed Stage: Collection
STAGE:2025-04-07 13:07:31 22264:22264 ActivityProfilerController.cpp:324] Completed Stage: Post Processing
STAGE:2025-04-07 13:10:07 22264:22264 ActivityProfilerController.cpp:314] Completed Stage: Warm Up
STAGE:2025-04-07 13:10:08 22264:22264 ActivityProfilerController.cpp:320] Completed Stage: Collection
STAGE:2025-04-07 13:10:08 22264:22264 ActivityProfilerController.cpp:324] Completed Stage: Post Processing
Epoch 49 |             Train Loss: 8.6760 | Token Acc: 0.0682 | Seq Acc: 0.0000 |             Val Loss: 8.6749 | Token Acc: 0.0682 | Seq Acc: 0.0000
save checkpoint for epoch 49
STAGE:2025-04-07 13:10:37 22264:22264 ActivityProfilerController.cpp:314] Completed Stage: Warm Up
STAGE:2025-04-07 13:10:37 22264:22264 ActivityProfilerController.cpp:320] Completed Stage: Collection
STAGE:2025-04-07 13:10:37 22264:22264 ActivityProfilerController.cpp:324] Completed Stage: Post Processing
STAGE:2025-04-07 13:13:19 22264:22264 ActivityProfilerController.cpp:314] Completed Stage: Warm Up
STAGE:2025-04-07 13:13:20 22264:22264 ActivityProfilerController.cpp:320] Completed Stage: Collection
STAGE:2025-04-07 13:13:20 22264:22264 ActivityProfilerController.cpp:324] Completed Stage: Post Processing
Epoch 50 |             Train Loss: 8.6654 | Token Acc: 0.0682 | Seq Acc: 0.0000 |             Val Loss: 8.6643 | Token Acc: 0.0682 | Seq Acc: 0.0000
STAGE:2025-04-07 13:13:49 22264:22264 ActivityProfilerController.cpp:314] Completed Stage: Warm Up
STAGE:2025-04-07 13:13:50 22264:22264 ActivityProfilerController.cpp:320] Completed Stage: Collection
STAGE:2025-04-07 13:13:50 22264:22264 ActivityProfilerController.cpp:324] Completed Stage: Post Processing
STAGE:2025-04-07 13:16:33 22264:22264 ActivityProfilerController.cpp:314] Completed Stage: Warm Up
STAGE:2025-04-07 13:16:34 22264:22264 ActivityProfilerController.cpp:320] Completed Stage: Collection
STAGE:2025-04-07 13:16:34 22264:22264 ActivityProfilerController.cpp:324] Completed Stage: Post Processing
Epoch 51 |             Train Loss: 8.6550 | Token Acc: 0.0682 | Seq Acc: 0.0000 |             Val Loss: 8.6542 | Token Acc: 0.0683 | Seq Acc: 0.0000
STAGE:2025-04-07 13:17:03 22264:22264 ActivityProfilerController.cpp:314] Completed Stage: Warm Up
STAGE:2025-04-07 13:17:04 22264:22264 ActivityProfilerController.cpp:320] Completed Stage: Collection
STAGE:2025-04-07 13:17:04 22264:22264 ActivityProfilerController.cpp:324] Completed Stage: Post Processing